Using pre-set license
Built from '2022.3/staging' branch; Version is '2022.3.4f1 (35713cd46cd7) revision 3502396'; Using compiler version '192829333'; Build Type 'Release'
OS: 'Windows 10  (10.0.19045) 64bit Professional' Language: 'en' Physical Memory: 16299 MB
BatchMode: 1, IsHumanControllingUs: 0, StartBugReporterOnCrash: 0, Is64bit: 1, IsPro: 1

COMMAND LINE ARGUMENTS:
C:\Program Files\Unity\Hub\Editor\2022.3.4f1\Editor\Unity.exe
-adb2
-batchMode
-noUpm
-name
AssetImportWorker1
-projectPath
C:/Users/Alan/My project
-logFile
Logs/AssetImportWorker1.log
-srvPort
64339
Successfully changed project path to: C:/Users/Alan/My project
C:/Users/Alan/My project
[UnityMemory] Configuration Parameters - Can be set up in boot.config
    "memorysetup-bucket-allocator-granularity=16"
    "memorysetup-bucket-allocator-bucket-count=8"
    "memorysetup-bucket-allocator-block-size=33554432"
    "memorysetup-bucket-allocator-block-count=8"
    "memorysetup-main-allocator-block-size=16777216"
    "memorysetup-thread-allocator-block-size=16777216"
    "memorysetup-gfx-main-allocator-block-size=16777216"
    "memorysetup-gfx-thread-allocator-block-size=16777216"
    "memorysetup-cache-allocator-block-size=4194304"
    "memorysetup-typetree-allocator-block-size=2097152"
    "memorysetup-profiler-bucket-allocator-granularity=16"
    "memorysetup-profiler-bucket-allocator-bucket-count=8"
    "memorysetup-profiler-bucket-allocator-block-size=33554432"
    "memorysetup-profiler-bucket-allocator-block-count=8"
    "memorysetup-profiler-allocator-block-size=16777216"
    "memorysetup-profiler-editor-allocator-block-size=1048576"
    "memorysetup-temp-allocator-size-main=16777216"
    "memorysetup-job-temp-allocator-block-size=2097152"
    "memorysetup-job-temp-allocator-block-size-background=1048576"
    "memorysetup-job-temp-allocator-reduction-small-platforms=262144"
    "memorysetup-allocator-temp-initial-block-size-main=262144"
    "memorysetup-allocator-temp-initial-block-size-worker=262144"
    "memorysetup-temp-allocator-size-background-worker=32768"
    "memorysetup-temp-allocator-size-job-worker=262144"
    "memorysetup-temp-allocator-size-preload-manager=33554432"
    "memorysetup-temp-allocator-size-nav-mesh-worker=65536"
    "memorysetup-temp-allocator-size-audio-worker=65536"
    "memorysetup-temp-allocator-size-cloud-worker=32768"
    "memorysetup-temp-allocator-size-gi-baking-worker=262144"
    "memorysetup-temp-allocator-size-gfx=262144"
Player connection [3528] Host "[IP] 10.0.0.6 [Port] 0 [Flags] 2 [Guid] 882913110 [EditorId] 882913110 [Version] 1048832 [Id] WindowsEditor(7,DESKTOP-4PN6VF2) [Debug] 1 [PackageName] WindowsEditor [ProjectName] Editor" joined multi-casting on [225.0.0.222:54997]...

Player connection [3528] Host "[IP] 10.0.0.6 [Port] 0 [Flags] 2 [Guid] 882913110 [EditorId] 882913110 [Version] 1048832 [Id] WindowsEditor(7,DESKTOP-4PN6VF2) [Debug] 1 [PackageName] WindowsEditor [ProjectName] Editor" joined alternative multi-casting on [225.0.0.222:34997]...

Refreshing native plugins compatible for Editor in 10.37 ms, found 3 plugins.
Preloading 0 native plugins for Editor in 0.00 ms.
Initialize engine version: 2022.3.4f1 (35713cd46cd7)
[Subsystems] Discovering subsystems at path C:/Program Files/Unity/Hub/Editor/2022.3.4f1/Editor/Data/Resources/UnitySubsystems
[Subsystems] Discovering subsystems at path C:/Users/Alan/My project/Assets
GfxDevice: creating device client; threaded=0; jobified=0
Direct3D:
    Version:  Direct3D 11.0 [level 11.1]
    Renderer: NVIDIA GeForce RTX 3070 (ID=0x2484)
    Vendor:   NVIDIA
    VRAM:     8031 MB
    Driver:   31.0.15.3623
Initialize mono
Mono path[0] = 'C:/Program Files/Unity/Hub/Editor/2022.3.4f1/Editor/Data/Managed'
Mono path[1] = 'C:/Program Files/Unity/Hub/Editor/2022.3.4f1/Editor/Data/MonoBleedingEdge/lib/mono/unityjit-win32'
Mono config path = 'C:/Program Files/Unity/Hub/Editor/2022.3.4f1/Editor/Data/MonoBleedingEdge/etc'
Using monoOptions --debugger-agent=transport=dt_socket,embedding=1,server=y,suspend=n,address=127.0.0.1:56420
Begin MonoManager ReloadAssembly
Registering precompiled unity dll's ...
Register platform support module: C:/Program Files/Unity/Hub/Editor/2022.3.4f1/Editor/Data/PlaybackEngines/WebGLSupport/UnityEditor.WebGL.Extensions.dll
Register platform support module: C:/Program Files/Unity/Hub/Editor/2022.3.4f1/Editor/Data/PlaybackEngines/WindowsStandaloneSupport/UnityEditor.WindowsStandalone.Extensions.dll
Registered in 0.014818 seconds.
- Loaded All Assemblies, in  0.449 seconds
Native extension for WindowsStandalone target not found
Native extension for WebGL target not found
Mono: successfully reloaded assembly
- Finished resetting the current domain, in  0.303 seconds
Domain Reload Profiling: 747ms
	BeginReloadAssembly (97ms)
		ExecutionOrderSort (0ms)
		DisableScriptedObjects (0ms)
		BackupInstance (0ms)
		ReleaseScriptingObjects (0ms)
		CreateAndSetChildDomain (1ms)
	RebuildCommonClasses (37ms)
	RebuildNativeTypeToScriptingClass (12ms)
	initialDomainReloadingComplete (82ms)
	LoadAllAssembliesAndSetupDomain (214ms)
		LoadAssemblies (94ms)
		RebuildTransferFunctionScriptingTraits (0ms)
		AnalyzeDomain (203ms)
			TypeCache.Refresh (202ms)
				TypeCache.ScanAssembly (183ms)
			ScanForSourceGeneratedMonoScriptInfo (0ms)
			ResolveRequiredComponents (0ms)
	FinalizeReload (304ms)
		ReleaseScriptCaches (0ms)
		RebuildScriptCaches (0ms)
		SetupLoadedEditorAssemblies (237ms)
			LogAssemblyErrors (0ms)
			InitializePlatformSupportModulesInManaged (14ms)
			SetLoadedEditorAssemblies (5ms)
			RefreshPlugins (0ms)
			BeforeProcessingInitializeOnLoad (2ms)
			ProcessInitializeOnLoadAttributes (163ms)
			ProcessInitializeOnLoadMethodAttributes (53ms)
			AfterProcessingInitializeOnLoad (0ms)
			EditorAssembliesLoaded (0ms)
		ExecutionOrderSort2 (0ms)
		AwakeInstancesAfterBackupRestoration (0ms)
========================================================================
Worker process is ready to serve import requests
Begin MonoManager ReloadAssembly
Symbol file LoadedFromMemory doesn't match image C:\Users\Alan\My project\Library\PackageCache\com.unity.visualscripting@1.8.0\Editor\VisualScripting.Core\Dependencies\YamlDotNet\Unity.VisualScripting.YamlDotNet.dll
Symbol file LoadedFromMemory doesn't match image C:\Users\Alan\My project\Library\PackageCache\com.unity.visualscripting@1.8.0\Editor\VisualScripting.Core\Dependencies\DotNetZip\Unity.VisualScripting.IonicZip.dll
- Loaded All Assemblies, in  0.898 seconds
Refreshing native plugins compatible for Editor in 8.98 ms, found 3 plugins.
Native extension for WindowsStandalone target not found
Native extension for WebGL target not found
Mono: successfully reloaded assembly
- Finished resetting the current domain, in  0.567 seconds
Domain Reload Profiling: 1462ms
	BeginReloadAssembly (158ms)
		ExecutionOrderSort (0ms)
		DisableScriptedObjects (6ms)
		BackupInstance (0ms)
		ReleaseScriptingObjects (0ms)
		CreateAndSetChildDomain (29ms)
	RebuildCommonClasses (31ms)
	RebuildNativeTypeToScriptingClass (11ms)
	initialDomainReloadingComplete (52ms)
	LoadAllAssembliesAndSetupDomain (642ms)
		LoadAssemblies (359ms)
		RebuildTransferFunctionScriptingTraits (0ms)
		AnalyzeDomain (358ms)
			TypeCache.Refresh (334ms)
				TypeCache.ScanAssembly (310ms)
			ScanForSourceGeneratedMonoScriptInfo (19ms)
			ResolveRequiredComponents (5ms)
	FinalizeReload (567ms)
		ReleaseScriptCaches (0ms)
		RebuildScriptCaches (0ms)
		SetupLoadedEditorAssemblies (386ms)
			LogAssemblyErrors (0ms)
			InitializePlatformSupportModulesInManaged (9ms)
			SetLoadedEditorAssemblies (5ms)
			RefreshPlugins (0ms)
			BeforeProcessingInitializeOnLoad (75ms)
			ProcessInitializeOnLoadAttributes (261ms)
			ProcessInitializeOnLoadMethodAttributes (24ms)
			AfterProcessingInitializeOnLoad (12ms)
			EditorAssembliesLoaded (0ms)
		ExecutionOrderSort2 (0ms)
		AwakeInstancesAfterBackupRestoration (6ms)
Launched and connected shader compiler UnityShaderCompiler.exe after 0.07 seconds
Refreshing native plugins compatible for Editor in 5.05 ms, found 3 plugins.
Preloading 0 native plugins for Editor in 0.00 ms.
Unloading 3182 Unused Serialized files (Serialized files now loaded: 0)
Unloading 35 unused Assets / (346.6 KB). Loaded Objects now: 3667.
Memory consumption went from 149.2 MB to 148.9 MB.
Total: 4.484500 ms (FindLiveObjects: 0.433100 ms CreateObjectMapping: 0.190900 ms MarkObjects: 3.531100 ms  DeleteObjects: 0.328600 ms)

AssetImportParameters requested are different than current active one (requested -> active):
  custom:container-demuxer-ogg: 62fdf1f143b41e24485cea50d1cbac27 -> 
  custom:video-decoder-ogg-theora: a1e56fd34408186e4bbccfd4996cb3dc -> 
  custom:framework-win-MediaFoundation: 216162199b28c13a410421893ffa2e32 -> 
  custom:CustomObjectIndexerAttribute: 756ad292c208cfabdd7b50bc23989ffe -> 
  custom:container-demuxer-webm: 4f35f7cbe854078d1ac9338744f61a02 -> 
  custom:container-muxer-webm: aa71ff27fc2769a1b78a27578f13a17b -> 
  custom:video-decoder-webm-vp8: 9c59270c3fd7afecdb556c50c9e8de78 -> 
  custom:AudioImporter_EditorPlatform: d09bf68614088b80899f8185d706f6e7 -> 
  custom:video-encoder-webm-vp8: eb34c28f22e8b96e1ab97ce403110664 -> 
  custom:audio-decoder-ogg-vorbis: bf7c407c2cedff20999df2af8eb42d56 -> 
  custom:audio-encoder-webm-vorbis: bf7c407c2cedff20999df2af8eb42d56 -> 
========================================================================
Received Import Request.
  Time since last request: 104841.296339 seconds.
  path: Assets/LowpolyStreetPack/Prefabs/StreetProps/Signs/HighwaySigns/HighwaySign_C.prefab
  artifactKey: Guid(45eacea3c4791fa4da8f65a3656925e1) Importer(815301076,1909f56bfc062723c751e8b465ee728b)
Start importing Assets/LowpolyStreetPack/Prefabs/StreetProps/Signs/HighwaySigns/HighwaySign_C.prefab using Guid(45eacea3c4791fa4da8f65a3656925e1) Importer(815301076,1909f56bfc062723c751e8b465ee728b)  -> (artifact id: '12144fc59f06a793b39cf2c5fc42ef47') in 0.216832 seconds
Number of updated asset objects reloaded before import = 0
Number of asset objects unloaded after import = 13
========================================================================
Received Import Request.
  Time since last request: 0.000044 seconds.
  path: Assets/LowpolyStreetPack/Prefabs/StreetProps/FuseBox/FuseBox.prefab
  artifactKey: Guid(86948bb7ab2a8274aa6a73f0ed8b64d5) Importer(815301076,1909f56bfc062723c751e8b465ee728b)
Start importing Assets/LowpolyStreetPack/Prefabs/StreetProps/FuseBox/FuseBox.prefab using Guid(86948bb7ab2a8274aa6a73f0ed8b64d5) Importer(815301076,1909f56bfc062723c751e8b465ee728b)  -> (artifact id: 'e1025ac96d58f479e1da3b72d1d3f5b8') in 0.044769 seconds
Number of updated asset objects reloaded before import = 0
Number of asset objects unloaded after import = 10
========================================================================
Received Import Request.
  Time since last request: 0.000022 seconds.
  path: Assets/LowpolyStreetPack/Prefabs/StreetProps/TraficLights/LampPost_J.prefab
  artifactKey: Guid(52685ed25fdcb1b488b7047664232501) Importer(815301076,1909f56bfc062723c751e8b465ee728b)
Start importing Assets/LowpolyStreetPack/Prefabs/StreetProps/TraficLights/LampPost_J.prefab using Guid(52685ed25fdcb1b488b7047664232501) Importer(815301076,1909f56bfc062723c751e8b465ee728b)  -> (artifact id: '2c91a7f40f88c7a7d762a429e97cba24') in 0.045651 seconds
Number of updated asset objects reloaded before import = 0
Number of asset objects unloaded after import = 22
========================================================================
Received Import Request.
  Time since last request: 0.000020 seconds.
  path: Assets/LowpolyStreetPack/Prefabs/StreetProps/ParkLamp/ParkLamp.prefab
  artifactKey: Guid(859c228a1a8fbe4439ce250eabda57aa) Importer(815301076,1909f56bfc062723c751e8b465ee728b)
Start importing Assets/LowpolyStreetPack/Prefabs/StreetProps/ParkLamp/ParkLamp.prefab using Guid(859c228a1a8fbe4439ce250eabda57aa) Importer(815301076,1909f56bfc062723c751e8b465ee728b)  -> (artifact id: '98ae6ca1b3b26b5961e95e12aed8eccf') in 0.036819 seconds
Number of updated asset objects reloaded before import = 0
Number of asset objects unloaded after import = 19
========================================================================
Received Import Request.
  Time since last request: 0.000044 seconds.
  path: Assets/LowpolyStreetPack/Prefabs/StreetProps/LightShape/LightShape.prefab
  artifactKey: Guid(29a3662e1f6b9874f8b00773a2e193f7) Importer(815301076,1909f56bfc062723c751e8b465ee728b)
Start importing Assets/LowpolyStreetPack/Prefabs/StreetProps/LightShape/LightShape.prefab using Guid(29a3662e1f6b9874f8b00773a2e193f7) Importer(815301076,1909f56bfc062723c751e8b465ee728b)  -> (artifact id: '3db9c5e25e9023cff5acf3a1433ba1fa') in 0.022088 seconds
Number of updated asset objects reloaded before import = 0
Number of asset objects unloaded after import = 11
========================================================================
Received Import Request.
  Time since last request: 0.000015 seconds.
  path: Assets/LowpolyStreetPack/Prefabs/StreetProps/Overpass/Overpass_B.prefab
  artifactKey: Guid(378251485ccc2214689266705249d0a2) Importer(815301076,1909f56bfc062723c751e8b465ee728b)
Start importing Assets/LowpolyStreetPack/Prefabs/StreetProps/Overpass/Overpass_B.prefab using Guid(378251485ccc2214689266705249d0a2) Importer(815301076,1909f56bfc062723c751e8b465ee728b)  -> (artifact id: '3e5442f7508af931dbcf8e29a63612a1') in 0.039562 seconds
Number of updated asset objects reloaded before import = 0
Number of asset objects unloaded after import = 13
========================================================================
Received Import Request.
  Time since last request: 0.000023 seconds.
  path: Assets/LowpolyStreetPack/Prefabs/StreetProps/TraficLights/LampPost_H.prefab
  artifactKey: Guid(2a4ab39d4d990d041887ced152a6f57b) Importer(815301076,1909f56bfc062723c751e8b465ee728b)
Start importing Assets/LowpolyStreetPack/Prefabs/StreetProps/TraficLights/LampPost_H.prefab using Guid(2a4ab39d4d990d041887ced152a6f57b) Importer(815301076,1909f56bfc062723c751e8b465ee728b)  -> (artifact id: '96c46644e7de76cc11a237547488b028') in 0.037967 seconds
Number of updated asset objects reloaded before import = 0
Number of asset objects unloaded after import = 37
========================================================================
Received Import Request.
  Time since last request: 0.000028 seconds.
  path: Assets/LowpolyStreetPack/Prefabs/StreetProps/TraficLights/LampPost_I.prefab
  artifactKey: Guid(1f2fa3a64566519459d43669bf89c0e4) Importer(815301076,1909f56bfc062723c751e8b465ee728b)
Start importing Assets/LowpolyStreetPack/Prefabs/StreetProps/TraficLights/LampPost_I.prefab using Guid(1f2fa3a64566519459d43669bf89c0e4) Importer(815301076,1909f56bfc062723c751e8b465ee728b)  -> (artifact id: '25afdcf8d583fbbe17f5d25dadf82184') in 0.040204 seconds
Number of updated asset objects reloaded before import = 0
Number of asset objects unloaded after import = 49
========================================================================
Received Import Request.
  Time since last request: 8.553610 seconds.
  path: Assets/LowpolyStreetPack/Prefabs/StreetProps/PlantPots/QuickBuild/PlantPot_A_V01.prefab
  artifactKey: Guid(5f8e8b7b7a2c586408e4c48f6cf88b9e) Importer(815301076,1909f56bfc062723c751e8b465ee728b)
Start importing Assets/LowpolyStreetPack/Prefabs/StreetProps/PlantPots/QuickBuild/PlantPot_A_V01.prefab using Guid(5f8e8b7b7a2c586408e4c48f6cf88b9e) Importer(815301076,1909f56bfc062723c751e8b465ee728b)  -> (artifact id: 'c0a4b3012375d16ef27e4eafbebcb4e4') in 0.075617 seconds
Number of updated asset objects reloaded before import = 0
Number of asset objects unloaded after import = 22
========================================================================
Received Import Request.
  Time since last request: 0.000016 seconds.
  path: Assets/LowpolyStreetPack/Prefabs/StreetProps/PlantPots/QuickBuild/PlantPot_A_V06.prefab
  artifactKey: Guid(347ada20f0d4e3b4fb00956605422db5) Importer(815301076,1909f56bfc062723c751e8b465ee728b)
Start importing Assets/LowpolyStreetPack/Prefabs/StreetProps/PlantPots/QuickBuild/PlantPot_A_V06.prefab using Guid(347ada20f0d4e3b4fb00956605422db5) Importer(815301076,1909f56bfc062723c751e8b465ee728b)  -> (artifact id: '7dfd45d395f646b09347629e9e313a61') in 0.048414 seconds
Number of updated asset objects reloaded before import = 0
Number of asset objects unloaded after import = 22
========================================================================
Received Import Request.
  Time since last request: 0.000032 seconds.
  path: Assets/LowpolyStreetPack/Prefabs/StreetProps/PlantPots/Elements/PlantPot_C.prefab
  artifactKey: Guid(8afd4563feeff6e439e6d3cb2a92a68d) Importer(815301076,1909f56bfc062723c751e8b465ee728b)
Start importing Assets/LowpolyStreetPack/Prefabs/StreetProps/PlantPots/Elements/PlantPot_C.prefab using Guid(8afd4563feeff6e439e6d3cb2a92a68d) Importer(815301076,1909f56bfc062723c751e8b465ee728b)  -> (artifact id: '830b79b41f9185e930435130a8bb1c45') in 0.039153 seconds
Number of updated asset objects reloaded before import = 0
Number of asset objects unloaded after import = 12
========================================================================
Received Import Request.
  Time since last request: 0.000015 seconds.
  path: Assets/LowpolyStreetPack/Prefabs/StreetProps/PlantPots/QuickBuild/PlantPot_A_V05.prefab
  artifactKey: Guid(1b50922de90e0654cbf5db85af07e8dc) Importer(815301076,1909f56bfc062723c751e8b465ee728b)
Start importing Assets/LowpolyStreetPack/Prefabs/StreetProps/PlantPots/QuickBuild/PlantPot_A_V05.prefab using Guid(1b50922de90e0654cbf5db85af07e8dc) Importer(815301076,1909f56bfc062723c751e8b465ee728b)  -> (artifact id: '4e54619793cf4069b35ad65892ab270a') in 0.040288 seconds
Number of updated asset objects reloaded before import = 0
Number of asset objects unloaded after import = 22
========================================================================
Received Import Request.
  Time since last request: 0.055073 seconds.
  path: Assets/LowpolyStreetPack/Prefabs/StreetProps/PlantPots/QuickBuild/PlantPot_C_V03.prefab
  artifactKey: Guid(13bfc4c75c9ad4e4c9457712dbc8252a) Importer(815301076,1909f56bfc062723c751e8b465ee728b)
Start importing Assets/LowpolyStreetPack/Prefabs/StreetProps/PlantPots/QuickBuild/PlantPot_C_V03.prefab using Guid(13bfc4c75c9ad4e4c9457712dbc8252a) Importer(815301076,1909f56bfc062723c751e8b465ee728b)  -> (artifact id: 'fb6713fcc655fbd3961e18fa821659e8') in 0.047682 seconds
Number of updated asset objects reloaded before import = 0
Number of asset objects unloaded after import = 27
========================================================================
Received Import Request.
  Time since last request: 0.000044 seconds.
  path: Assets/LowpolyStreetPack/Prefabs/StreetProps/PlantPots/Elements/PlantPot_D.prefab
  artifactKey: Guid(1eb1160e40bf85e4dbc4b816c147a719) Importer(815301076,1909f56bfc062723c751e8b465ee728b)
Start importing Assets/LowpolyStreetPack/Prefabs/StreetProps/PlantPots/Elements/PlantPot_D.prefab using Guid(1eb1160e40bf85e4dbc4b816c147a719) Importer(815301076,1909f56bfc062723c751e8b465ee728b)  -> (artifact id: '49b113cb934c4750ed314c6f94422610') in 0.033830 seconds
Number of updated asset objects reloaded before import = 0
Number of asset objects unloaded after import = 12
========================================================================
Received Import Request.
  Time since last request: 0.000051 seconds.
  path: Assets/LowpolyStreetPack/Prefabs/StreetProps/Powerpoles/Powerpole_B_B.prefab
  artifactKey: Guid(b3bfdc11c7193c04d93f651feb81749f) Importer(815301076,1909f56bfc062723c751e8b465ee728b)
Start importing Assets/LowpolyStreetPack/Prefabs/StreetProps/Powerpoles/Powerpole_B_B.prefab using Guid(b3bfdc11c7193c04d93f651feb81749f) Importer(815301076,1909f56bfc062723c751e8b465ee728b)  -> (artifact id: 'ec1b2d334a37788e323148bc2385c3c6') in 0.037324 seconds
Number of updated asset objects reloaded before import = 0
Number of asset objects unloaded after import = 10
Editor requested this worker to shutdown with reason: Scaling down because of idle timeout
TcpMessagingSession - receive error: operation aborted. errorcode: 995, details: The I/O operation has been aborted because of either a thread exit or an application request.
AssetImportWorker is now disconnected from the server
Process exiting
Exiting without the bug reporter. Application will terminate with return code 0